* using log directory 'C:/Users/hzhou/OneDrive - Daiichi Sankyo Global/Research/R Function Collection/EventProjection/EventProjection.Rcheck'
* using R version 4.3.0 (2023-04-21 ucrt)
* using platform: x86_64-w64-mingw32 (64-bit)
* R was compiled by
    gcc.exe (GCC) 12.2.0
    GNU Fortran (GCC) 12.2.0
* running under: Windows 11 x64 (build 26100)
* using session charset: UTF-8
* using options '--no-manual --ignore-vignettes'
* checking for file 'EventProjection/DESCRIPTION' ... OK
* this is package 'EventProjection' version '0.2.9.2'
* package encoding: UTF-8
* checking package namespace information ... OK
* checking package dependencies ... ERROR
Packages required but not available:
  'rstpm2', 'flexsurv', 'erify', 'lrstat'

Packages suggested but not available:
  'shinyFeedback', 'shinybusy', 'writexl', 'prompter'

The suggested packages are required for a complete check.
Checking can be attempted without them by setting the environment
variable _R_CHECK_FORCE_SUGGESTS_ to a false value.

See section 'The DESCRIPTION file' in the 'Writing R Extensions'
manual.
* DONE
Status: 1 ERROR
